{"label":"jv-confort","level":"info","message":"Connected to MongoDB!!","timestamp":"2022-08-04T17:58:14.368Z"}
{"label":"jv-confort","level":"info","message":"Connected to MongoDB!!","timestamp":"2022-08-04T18:02:08.969Z"}
{"label":"jv-confort","level":"info","message":"Connected to MongoDB!!","timestamp":"2022-08-04T18:30:57.175Z"}
{"label":"jv-confort","level":"info","message":"Connected to MongoDB!!","timestamp":"2022-08-04T18:52:12.855Z"}
{"label":"jv-confort","level":"info","message":"Connected to MongoDB!!","timestamp":"2022-08-04T18:55:13.857Z"}
{"label":"jv-confort","level":"info","message":"Connected to MongoDB!!","timestamp":"2022-08-04T18:55:24.781Z"}
{"label":"jv-confort","level":"info","message":"Connected to MongoDB!!","timestamp":"2022-08-04T18:55:57.012Z"}
{"label":"jv-confort","level":"info","message":"Connected to MongoDB!!","timestamp":"2022-08-04T18:56:03.790Z"}
{"label":"jv-confort","level":"info","message":"GET /api/saludo 201 426 - 119.521 ms\n","timestamp":"2022-08-04T19:28:55.569Z"}
{"label":"jv-confort","level":"info","message":"GET /api/saludo 201 426 - 328.064 ms\n","timestamp":"2022-08-04T19:28:59.855Z"}
{"label":"jv-confort","level":"info","message":"GET /api/saludo 201 426 - 93.733 ms\n","timestamp":"2022-09-28T20:53:20.188Z"}
{"label":"jv-confort","level":"info","message":"GET /api/banners 404 150 - 4.402 ms\n","timestamp":"2022-09-28T21:15:06.322Z"}
{"label":"jv-confort","level":"info","message":"GET /api/banners/login 404 156 - 3.049 ms\n","timestamp":"2022-09-28T21:15:26.869Z"}
{"label":"jv-confort","level":"info","message":"GET /api/banners 200 86 - 299.970 ms\n","timestamp":"2022-10-05T06:23:30.667Z"}
{"label":"jv-confort","level":"info","message":"GET /api/banners?page=1 200 86 - 178.112 ms\n","timestamp":"2022-10-05T06:25:45.797Z"}
{"label":"jv-confort","level":"info","message":"GET /api/banners?page=1&sdasr 200 86 - 170.877 ms\n","timestamp":"2022-10-05T06:25:50.015Z"}
{"label":"jv-confort","level":"info","message":"GET /api/banners?page=1&limit=10&search 200 81 - 164.795 ms\n","timestamp":"2022-10-05T06:26:09.384Z"}
{"label":"jv-confort","level":"info","message":"GET /api/banners?page=1&limit=10 200 81 - 167.901 ms\n","timestamp":"2022-10-05T06:26:15.065Z"}
{"label":"jv-confort","level":"info","message":"GET /api/banners?page=1 200 86 - 170.427 ms\n","timestamp":"2022-10-05T06:26:17.843Z"}
{"label":"jv-confort","level":"info","message":"GET /api/banners?page=1&limit=10&search 200 81 - 168.866 ms\n","timestamp":"2022-10-05T06:26:24.622Z"}
{"label":"jv-confort","level":"info","message":"POST /api/banners 201 225 - 189.752 ms\n","timestamp":"2022-10-05T06:31:00.598Z"}
{"label":"jv-confort","level":"info","message":"GET /api/banners?page=1&limit=10&search 200 254 - 174.365 ms\n","timestamp":"2022-10-05T06:31:06.944Z"}
{"label":"jv-confort","level":"info","message":"POST /api/banners 409 51 - 86.844 ms\n","timestamp":"2022-10-05T06:31:32.114Z"}
{"label":"jv-confort","level":"info","message":"POST /api/banners 409 51 - 86.349 ms\n","timestamp":"2022-10-05T06:31:43.668Z"}
{"label":"jv-confort","level":"info","message":"GET /api/banners?page=1&limit=10&search 200 254 - 172.400 ms\n","timestamp":"2022-10-05T06:31:50.024Z"}
{"label":"jv-confort","level":"info","message":"POST /api/banners 409 51 - 104.246 ms\n","timestamp":"2022-10-05T06:33:58.793Z"}
{"label":"jv-confort","level":"info","message":"POST /api/banners 409 51 - 94.742 ms\n","timestamp":"2022-10-05T06:35:47.086Z"}
{"label":"jv-confort","level":"info","message":"POST /api/banners 409 51 - 92.860 ms\n","timestamp":"2022-10-05T06:35:53.115Z"}
{"label":"jv-confort","level":"info","message":"POST /api/banners 201 226 - 99.971 ms\n","timestamp":"2022-10-05T06:36:44.812Z"}
{"label":"jv-confort","level":"info","message":"GET /api/banners?page=1&limit=10&search 200 429 - 178.724 ms\n","timestamp":"2022-10-05T06:37:16.578Z"}
{"label":"jv-confort","level":"info","message":"POST /api/banners 201 249 - 113.240 ms\n","timestamp":"2022-10-05T06:37:40.206Z"}
{"label":"jv-confort","level":"info","message":"GET /api/banners?page=1&limit=10&search 200 627 - 185.929 ms\n","timestamp":"2022-10-05T06:37:56.177Z"}
{"label":"jv-confort","level":"info","message":"PATCH /api/banners?banner_id=a80b2df2 200 222 - 221.118 ms\n","timestamp":"2022-10-05T06:38:56.181Z"}
{"label":"jv-confort","level":"info","message":"GET /api/banners?page=1&limit=10&search 200 627 - 182.367 ms\n","timestamp":"2022-10-05T06:39:01.660Z"}
{"label":"jv-confort","level":"info","message":"POST /api/banners 201 249 - 92.294 ms\n","timestamp":"2022-10-05T06:39:17.023Z"}
{"label":"jv-confort","level":"info","message":"GET /api/banners?page=1&limit=10&search 200 825 - 187.689 ms\n","timestamp":"2022-10-05T06:39:23.892Z"}
{"label":"jv-confort","level":"info","message":"GET /api/banners?page=1&limit=10&search 200 825 - 173.839 ms\n","timestamp":"2022-10-05T06:40:12.668Z"}
{"label":"jv-confort","level":"info","message":"DELETE /api/banners?banner_id=c8e0ab83 200 258 - 173.056 ms\n","timestamp":"2022-10-05T06:40:21.536Z"}
{"label":"jv-confort","level":"info","message":"GET /api/banners?page=1&limit=10&search 200 825 - 170.641 ms\n","timestamp":"2022-10-05T06:40:25.205Z"}
{"label":"jv-confort","level":"info","message":"GET /api/banners?page=1&limit=10&search 200 825 - 178.270 ms\n","timestamp":"2022-10-05T06:40:31.135Z"}
{"label":"jv-confort","level":"info","message":"DELETE /api/banners?banner_id=c8e0ab83 200 258 - 175.374 ms\n","timestamp":"2022-10-05T06:40:44.041Z"}
{"label":"jv-confort","level":"info","message":"DELETE /api/banners?banner_id=c8e0ab8 404 40 - 87.453 ms\n","timestamp":"2022-10-05T06:41:20.820Z"}
{"label":"jv-confort","level":"info","message":"DELETE /api/banners?banner_id=c8e0ab83 200 258 - 194.935 ms\n","timestamp":"2022-10-05T06:43:52.182Z"}
{"label":"jv-confort","level":"info","message":"GET /api/banners?page=1&limit=10&search 200 627 - 168.153 ms\n","timestamp":"2022-10-05T06:43:58.051Z"}
